#
# There is insufficient memory for the Java Runtime Environment to continue.
# Native memory allocation (mmap) failed to map 249561088 bytes for Failed to commit area from 0x0000000712c00000 to 0x0000000721a00000 of length 249561088.
# Possible reasons:
#   The system is out of physical RAM or swap space
#   The process is running with CompressedOops enabled, and the Java Heap may be blocking the growth of the native heap
# Possible solutions:
#   Reduce memory load on the system
#   Increase physical memory or swap space
#   Check if swap backing store is full
#   Decrease Java heap size (-Xmx/-Xms)
#   Decrease number of Java threads
#   Decrease Java thread stack sizes (-Xss)
#   Set larger code cache with -XX:ReservedCodeCacheSize=
# This output file may be truncated or incomplete.
#
#  Out of Memory Error (./src/hotspot/os/windows/os_windows.cpp:3619), pid=54560, tid=38748
#
# JRE version:  (11.0.13+7) (build )
# Java VM: OpenJDK 64-Bit Server VM (11.0.13+7-b1751.21, mixed mode, sharing, tiered, compressed oops, g1 gc, windows-amd64)
# No core dump will be written. Minidumps are not enabled by default on client versions of Windows
#

---------------  S U M M A R Y ------------

Command Line: git4idea.http.GitAskPassApp Username for 'http://192.168.12.201:3000': 

Host: AMD Ryzen 5 5600U with Radeon Graphics         , 12 cores, 14G,  Windows 11 , 64 bit Build 22000 (10.0.22000.708)
Time: Fri Aug  5 19:15:20 2022 中国标准时间 elapsed time: 0.050542 seconds (0d 0h 0m 0s)

---------------  T H R E A D  ---------------

Current thread (0x0000020168acf000):  JavaThread "Unknown thread" [_thread_in_vm, id=38748, stack(0x000000ca42c00000,0x000000ca42d00000)]

Stack: [0x000000ca42c00000,0x000000ca42d00000]
Native frames: (J=compiled Java code, j=interpreted, Vv=VM code, C=native code)
V  [jvm.dll+0x613daa]
V  [jvm.dll+0x799b30]
V  [jvm.dll+0x79b14d]
V  [jvm.dll+0x79b823]
V  [jvm.dll+0x24c958]
V  [jvm.dll+0x610e24]
V  [jvm.dll+0x605b25]
V  [jvm.dll+0x30aaab]
V  [jvm.dll+0x30aa1a]
V  [jvm.dll+0x30a8f2]
V  [jvm.dll+0x30f856]
V  [jvm.dll+0x359143]
V  [jvm.dll+0x359846]
V  [jvm.dll+0x359243]
V  [jvm.dll+0x2e57a8]
V  [jvm.dll+0x2e6947]
V  [jvm.dll+0x776d47]
V  [jvm.dll+0x77853c]
V  [jvm.dll+0x3666c9]
V  [jvm.dll+0x75a9ce]
V  [jvm.dll+0x3d47d3]
V  [jvm.dll+0x3d6d21]
C  [jli.dll+0x536b]
C  [ucrtbase.dll+0x26c0c]
C  [KERNEL32.DLL+0x154e0]
C  [ntdll.dll+0x485b]


---------------  P R O C E S S  ---------------

Threads class SMR info:
_java_thread_list=0x00000201668f5880, length=0, elements={
}

Java Threads: ( => current thread )

Other Threads:
  0x0000020168ae9000 GCTaskThread "GC Thread#0" [stack: 0x000000ca42d00000,0x000000ca42e00000] [id=31796]
  0x0000020168b41000 ConcurrentGCThread "G1 Main Marker" [stack: 0x000000ca42e00000,0x000000ca42f00000] [id=45400]
  0x0000020168b43800 ConcurrentGCThread "G1 Conc#0" [stack: 0x000000ca42f00000,0x000000ca43000000] [id=19116]

[error occurred during error reporting (printing all threads), id 0xc0000005, EXCEPTION_ACCESS_VIOLATION (0xc0000005) at pc=0x00007ffdbc6f5c97]

VM state:not at safepoint (not fully initialized)

VM Mutex/Monitor currently owned by a thread:  ([mutex/lock_event])
[0x0000020168acc470] Heap_lock - owner thread: 0x0000020168acf000

Heap address: 0x0000000712c00000, size: 3796 MB, Compressed Oops mode: Non-zero based: 0x0000000712c00000
Narrow klass base: 0x0000000000000000, Narrow klass shift: 0

GC Heap History (0 events):
No events

Deoptimization events (0 events):
No events

Classes redefined (0 events):
No events

Internal exceptions (0 events):
No events

Events (1 events):
Event: 0.030 Loaded shared library D:\Program Files\JetBrains\WebStorm 2021.3.1\jbr\bin\zip.dll


Dynamic libraries:
0x00007ff664810000 - 0x00007ff66481a000 	D:\Program Files\JetBrains\WebStorm 2021.3.1\jbr\bin\java.exe
0x00007ffe44000000 - 0x00007ffe44209000 	C:\WINDOWS\SYSTEM32\ntdll.dll
0x00007ffe42ae0000 - 0x00007ffe42b9d000 	C:\WINDOWS\System32\KERNEL32.DLL
0x00007ffe41610000 - 0x00007ffe41989000 	C:\WINDOWS\System32\KERNELBASE.dll
0x00007ffe419c0000 - 0x00007ffe41ad1000 	C:\WINDOWS\System32\ucrtbase.dll
0x00007ffe3e2d0000 - 0x00007ffe3e2e9000 	D:\Program Files\JetBrains\WebStorm 2021.3.1\jbr\bin\jli.dll
0x00007ffe24580000 - 0x00007ffe24597000 	D:\Program Files\JetBrains\WebStorm 2021.3.1\jbr\bin\VCRUNTIME140.dll
0x00007ffe42930000 - 0x00007ffe42adc000 	C:\WINDOWS\System32\USER32.dll
0x00007ffe41990000 - 0x00007ffe419b6000 	C:\WINDOWS\System32\win32u.dll
0x00007ffe42c50000 - 0x00007ffe42c79000 	C:\WINDOWS\System32\GDI32.dll
0x00007ffe41d70000 - 0x00007ffe41e82000 	C:\WINDOWS\System32\gdi32full.dll
0x00007ffe41c50000 - 0x00007ffe41ced000 	C:\WINDOWS\System32\msvcp_win.dll
0x00007ffe2a6c0000 - 0x00007ffe2a965000 	C:\WINDOWS\WinSxS\amd64_microsoft.windows.common-controls_6595b64144ccf1df_6.0.22000.120_none_9d947278b86cc467\COMCTL32.dll
0x00007ffe42370000 - 0x00007ffe42413000 	C:\WINDOWS\System32\msvcrt.dll
0x00007ffe42cf0000 - 0x00007ffe42d21000 	C:\WINDOWS\System32\IMM32.DLL
0x00007ffe122a0000 - 0x00007ffe1233d000 	D:\Program Files\JetBrains\WebStorm 2021.3.1\jbr\bin\msvcp140.dll
0x00007ffdbc400000 - 0x00007ffdbcf76000 	D:\Program Files\JetBrains\WebStorm 2021.3.1\jbr\bin\server\jvm.dll
0x00007ffe42e90000 - 0x00007ffe42f3e000 	C:\WINDOWS\System32\ADVAPI32.dll
0x00007ffe43f20000 - 0x00007ffe43fbe000 	C:\WINDOWS\System32\sechost.dll
0x00007ffe42540000 - 0x00007ffe42660000 	C:\WINDOWS\System32\RPCRT4.dll
0x00007ffe42920000 - 0x00007ffe42928000 	C:\WINDOWS\System32\PSAPI.DLL
0x00007ffe25040000 - 0x00007ffe25049000 	C:\WINDOWS\SYSTEM32\WSOCK32.dll
0x00007ffe42c80000 - 0x00007ffe42cef000 	C:\WINDOWS\System32\WS2_32.dll
0x00007ffe3b000000 - 0x00007ffe3b033000 	C:\WINDOWS\SYSTEM32\WINMM.dll
0x00007ffe3a230000 - 0x00007ffe3a23a000 	C:\WINDOWS\SYSTEM32\VERSION.dll
0x00007ffe405e0000 - 0x00007ffe405f8000 	C:\WINDOWS\SYSTEM32\kernel.appcore.dll
0x00007ffe3e340000 - 0x00007ffe3e351000 	D:\Program Files\JetBrains\WebStorm 2021.3.1\jbr\bin\verify.dll
0x00007ffe3f0f0000 - 0x00007ffe3f311000 	C:\WINDOWS\SYSTEM32\DBGHELP.DLL
0x00007ffe38550000 - 0x00007ffe38581000 	C:\WINDOWS\SYSTEM32\dbgcore.DLL
0x00007ffe41cf0000 - 0x00007ffe41d6f000 	C:\WINDOWS\System32\bcryptPrimitives.dll
0x00007ffe3e310000 - 0x00007ffe3e339000 	D:\Program Files\JetBrains\WebStorm 2021.3.1\jbr\bin\java.dll
0x00007ffe3e300000 - 0x00007ffe3e30b000 	D:\Program Files\JetBrains\WebStorm 2021.3.1\jbr\bin\jimage.dll
0x00007ffe3e2b0000 - 0x00007ffe3e2c8000 	D:\Program Files\JetBrains\WebStorm 2021.3.1\jbr\bin\zip.dll

dbghelp: loaded successfully - version: 4.0.5 - missing functions: none
symbol engine: initialized successfully - sym options: 0x614 - pdb path: .;D:\Program Files\JetBrains\WebStorm 2021.3.1\jbr\bin;C:\WINDOWS\SYSTEM32;C:\WINDOWS\WinSxS\amd64_microsoft.windows.common-controls_6595b64144ccf1df_6.0.22000.120_none_9d947278b86cc467;D:\Program Files\JetBrains\WebStorm 2021.3.1\jbr\bin\server

VM Arguments:
java_command: git4idea.http.GitAskPassApp Username for 'http://192.168.12.201:3000': 
java_class_path (initial): D:/Program Files/JetBrains/WebStorm 2021.3.1/plugins/git4idea/lib/git4idea-rt.jar;D:/Program Files/JetBrains/WebStorm 2021.3.1/lib/3rd-party.jar;D:/Program Files/JetBrains/WebStorm 2021.3.1/lib/3rd-party-rt.jar
Launcher Type: SUN_STANDARD

[Global flags]
     intx CICompilerCount                          = 4                                         {product} {ergonomic}
     uint ConcGCThreads                            = 3                                         {product} {ergonomic}
     uint G1ConcRefinementThreads                  = 10                                        {product} {ergonomic}
   size_t G1HeapRegionSize                         = 1048576                                   {product} {ergonomic}
    uintx GCDrainStackTargetSize                   = 64                                        {product} {ergonomic}
   size_t InitialHeapSize                          = 249561088                                 {product} {ergonomic}
   size_t MarkStackSize                            = 4194304                                   {product} {ergonomic}
   size_t MaxHeapSize                              = 3980394496                                {product} {ergonomic}
   size_t MinHeapDeltaBytes                        = 1048576                                   {product} {ergonomic}
    uintx NonNMethodCodeHeapSize                   = 5836300                                {pd product} {ergonomic}
    uintx NonProfiledCodeHeapSize                  = 122910970                              {pd product} {ergonomic}
    uintx ProfiledCodeHeapSize                     = 122910970                              {pd product} {ergonomic}
    uintx ReservedCodeCacheSize                    = 251658240                              {pd product} {ergonomic}
     bool SegmentedCodeCache                       = true                                      {product} {ergonomic}
     bool UseCompressedClassPointers               = true                                 {lp64_product} {ergonomic}
     bool UseCompressedOops                        = true                                 {lp64_product} {ergonomic}
     bool UseG1GC                                  = true                                      {product} {ergonomic}
     bool UseLargePagesIndividualAllocation        = false                                  {pd product} {ergonomic}

Logging:
Log output configuration:
 #0: stdout all=warning uptime,level,tags
 #1: stderr all=off uptime,level,tags

Environment Variables:
JAVA_HOME=C:\Program Files\Java\jdk1.8.0_321
CLASSPATH=.;%JAVA_HOME%\lib\dt.jar;%JAVA_HOME%\lib\tools.jar;
PATH=C:\Program Files\Git\mingw64\libexec\git-core;C:\Program Files\Git\mingw64\libexec\git-core;C:\Program Files\Git\mingw64\bin;C:\Program Files\Git\usr\bin;C:\Users\huangyuanbo\bin;C:\Program Files (x86)\Common Files\Oracle\Java\javapath;C:\WINDOWS\system32;C:\WINDOWS;C:\WINDOWS\System32\Wbem;C:\WINDOWS\System32\WindowsPowerShell\v1.0;C:\WINDOWS\System32\OpenSSH;C:\Program Files\Git\cmd;C:\nvm;C:\nvm\nodejs;C:\Program Files (x86)\NetSarang\Xshell 7;C:\Users\huangyuanbo\AppData\Local\Microsoft\WindowsApps;C:\Program Files (x86)\Microsoft VS Code\bin;C:\nvm;C:\nvm\nodejs;D:\Program Files\JetBrains\WebStorm 2021.3.1\bin;D:\Program Files\JetBrains\IntelliJ IDEA 2021.3.2\bin;C:\Users\huangyuanbo\AppData\Local\Programs\Microsoft VS Code\bin
USERNAME=huangyuanbo
DISPLAY=:0.0
LC_ALL=en_US.UTF-8
OS=Windows_NT
PROCESSOR_IDENTIFIER=AMD64 Family 25 Model 80 Stepping 0, AuthenticAMD



---------------  S Y S T E M  ---------------

OS: Windows 11 , 64 bit Build 22000 (10.0.22000.708)
OS uptime: 9 days 20:29 hours

CPU:total 12 (initial active 12) (12 cores per cpu, 2 threads per core) family 25 model 80 stepping 0 microcode 0x0, cmov, cx8, fxsr, mmx, sse, sse2, sse3, ssse3, sse4.1, sse4.2, popcnt, avx, avx2, aes, clmul, erms, mmxext, 3dnowpref, lzcnt, sse4a, ht, tsc, tscinvbit, tscinv, bmi1, bmi2, adx, sha, fma

Memory: 4k page, system-wide physical 15182M (1854M free)
TotalPageFile size 37227M (AvailPageFile size 166M)
current process WorkingSet (physical memory assigned to process): 10M, peak: 10M
current process commit charge ("private bytes"): 64M, peak: 302M

vm_info: OpenJDK 64-Bit Server VM (11.0.13+7-b1751.21) for windows-amd64 JRE (11.0.13+7-b1751.21), built on Nov 30 2021 02:32:50 by "" with MS VC++ 14.0 (VS2015)

END.
